0 info it worked if it ends with ok
1 verbose cli [ '/home/mark/dev/env/node-v4.2.4-linux-x64/bin/node',
1 verbose cli   '/usr/bin/npm',
1 verbose cli   'publish',
1 verbose cli   '.' ]
2 info using npm@2.14.12
3 info using node@v4.2.4
4 verbose publish [ '.' ]
5 silly cache add args [ '.', null ]
6 verbose cache add spec .
7 silly cache add parsed spec Result {
7 silly cache add   raw: '.',
7 silly cache add   scope: null,
7 silly cache add   name: null,
7 silly cache add   rawSpec: '.',
7 silly cache add   spec: '/home/mark/dev/personal/editable-grid',
7 silly cache add   type: 'directory' }
8 verbose addLocalDirectory /home/mark/.npm/editable-grid/2.0.0/package.tgz not in flight; packing
9 verbose tar pack [ '/home/mark/.npm/editable-grid/2.0.0/package.tgz',
9 verbose tar pack   '/home/mark/dev/personal/editable-grid' ]
10 verbose tarball /home/mark/.npm/editable-grid/2.0.0/package.tgz
11 verbose folder /home/mark/dev/personal/editable-grid
12 info prepublish editable-grid@2.0.0
13 verbose addLocalTarball adding from inside cache /home/mark/.npm/editable-grid/2.0.0/package.tgz
14 silly cache afterAdd editable-grid@2.0.0
15 verbose afterAdd /home/mark/.npm/editable-grid/2.0.0/package/package.json not in flight; writing
16 verbose afterAdd /home/mark/.npm/editable-grid/2.0.0/package/package.json written
17 silly publish { name: 'editable-grid',
17 silly publish   description: 'Bootstrap grid with CRUD functionality.',
17 silly publish   version: '2.0.0',
17 silly publish   main: 'index.js',
17 silly publish   keywords:
17 silly publish    [ 'bootstrap',
17 silly publish      'CRUD',
17 silly publish      'table',
17 silly publish      'grid',
17 silly publish      'add',
17 silly publish      'delete',
17 silly publish      'update',
17 silly publish      'sorting',
17 silly publish      'links',
17 silly publish      'row selection',
17 silly publish      'tree',
17 silly publish      'hierarchical',
17 silly publish      'hierarchy' ],
17 silly publish   repository:
17 silly publish    { type: 'git',
17 silly publish      url: 'git+https://github.com/skinnybrit51/editable-grid.git' },
17 silly publish   dependencies:
17 silly publish    { 'date-selector': '2.0.0',
17 silly publish      'elephant-ears': '1.0.6',
17 silly publish      jquery: '^2.2.0',
17 silly publish      'stand-in-order': '1.0.9',
17 silly publish      underscore: '1.6.0' },
17 silly publish   devDependencies:
17 silly publish    { chai: '1.9.0',
17 silly publish      grunt: '0.4.2',
17 silly publish      'grunt-browserify': '2.0.8',
17 silly publish      'grunt-cli': '0.1.11',
17 silly publish      'grunt-contrib-connect': '0.7.1',
17 silly publish      'grunt-contrib-copy': '0.8.0',
17 silly publish      'grunt-contrib-less': '0.11.0',
17 silly publish      'grunt-contrib-uglify': '0.4.0',
17 silly publish      'grunt-contrib-watch': '0.6.1',
17 silly publish      'grunt-jshint2': '2.4.4',
17 silly publish      'grunt-simple-mocha': '0.4.0',
17 silly publish      'grunt-watchify': '0.1.0',
17 silly publish      jsdom: '^8.0.4',
17 silly publish      mocha: '1.18.0',
17 silly publish      moment: '2.7.0',
17 silly publish      sinon: '1.9.0' },
17 silly publish   scripts: { test: 'NODE_PATH=lib grunt test' },
17 silly publish   readme: 'editable-grid\n==========\n\n[![Build Status](https://travis-ci.org/skinnybrit51/editable-grid.svg?branch=master)](https://travis-ci.org/skinnybrit51/editable-grid)\n[![NPM version](https://badge.fury.io/js/editable-grid.svg)](http://badge.fury.io/js/editable-grid)\n\n#### Description\n\nBootstrap table with CRUD functionality.\n##### [View Demos with Implementation Code](http://skinnybrit51.com/editable-grid "Demos")\n\nTree\n![](http://skinnybrit51.com/images/editable-grid-tree.png)\nSorting\n![](http://skinnybrit51.com/images/editable-grid.png)\nAbility to add new rows.\n![](http://skinnybrit51.com/images/editable-grid-new-row.png)\nAbility to edit cells.\n![](http://skinnybrit51.com/images/editable-grid-editable-cells.png)\nAbility to delete rows.\n![](http://skinnybrit51.com/images/editable-grid-delete-row.png)\nRow Selection\n![](http://skinnybrit51.com/images/editable-grid-row-selection.png)\n\n#### Features\n\n* Table based on [twitter bootstrap](http://getbootstrap.com/) classes\n* Tree\n* Column Sorting\n* Cell Links\n* Text Alignment\n* Row Selection\n* Row Addition\n* Row Deletion\n* Total Column Row\n* Editable Cells\n* Checkbox column\n* Formatting, parsing and validation on each column\n\n#### Enhancements\n\nI would love to hear what features you would like to see implemented.  Please raise them through github [issues](https://github.com/skinnybrit51/editable-grid/issues).  Thanks\n\n#### Installation\n\n````npm install editable-grid````\n\nand import grid.less file into your own less file from  ````node_modules/editable-grid/less/grid.less````\n\nor\n\nStandalone version can be downloaded from the below links\n\n* [Javascript (window global variable is "EditableGrid")](http://skinnybrit51.com/editable-grid/dist/editable_grid.min.js)\n* [CSS](http://skinnybrit51.com/editable-grid/dist/editable_grid.min.css)\n\n#### Using\n\n````\nvar Grid = require(\'editable-grid\'),\n    datepicker = require(\'date-selector\'),\n    $ = require(\'jquery\');\n\n// initialize datepicker - only required once per page\ndatepicker();                                           \n\nvar grid = new Grid({\n    // switch table borders on and off\n    borders: true,\n    // property name for column id\n    id: \'id\',                                           \n    rows: {\n        // turn to true for clickable rows\n        link: false,\n        // turn to true for an add row to appear in footer\n        newRow: false,\n        // turn to true to see an total row appear (only applicable to cost columns)                                          \n        totalRow: false                                 \n    },\n    // pre sort the grid when rendered\n    sortConfig: [                                       \n        {\n            id: \'col1\',\n            asc: true\n        }\n    ],\n    // append custom event handlers\n    addListeners: function(el) {},\n    // return true to make a cell editable                          \n    stateManager: {                                     \n        isEditable: function(rowId, colId) {\n            return false;\n        }\n    },\n    // element to append grid too\n    el: $(\'body\'),                                      \n    columns: [\n        {\n            // unique id for the data property name, can be nested - EG foo.bar\n            id: \'col1\',\n            // title to be used in header column\n            title: \'Column A\',\n            // width of column - must be in percentage form                           \n            width: \'100%\',\n            // can the value not have a value, only applies to editable values\n            nullable: false,\n            // format the value\n            formatter: function(id, value) {            \n                return value;\n            },\n            // parse the value, only applies to editable values            \n            parser: function(id, value) {               \n                return value;\n            },\n            // return an error message when a value is not valid\n            // only applies to editable values\n            validate: function(id, value) {             \n                return \'\';  // value valid\n            },\n            // \'left\' (default), \'center\', \'right\'\n            alignment: \'left\',\n            // can the column be sorted                          \n            sortable: false,\n            // custom sort function\n            sortCompare: function(left, right, ascending) {},\n            // use a different sort type to the column type\n            // see lib https://www.npmjs.com/package/stand-in-order to see available types\n            sortType: \'integer\',\n            // type of data in the column,\n            // options are \'text\', \'cost\', \'percent\', \'select\', \'date\', \'checkbox\'\n            type: \'text\',                               \n            // values for a select type column,\n            // use formatter to format to the selected value            \n            list: [\'a\', \'b\', \'c\'],                      \n            // advanced functionality - see demos for example\n            preCreateCallback: function() {             \n                // called before cell is created\n                // return cell value\n            },\n            // add classes `foo` and `bar` to table cell tag\n            classes: [\'foo\', \'bar\']\n        }\n    ],\n    // data to be rendered to grid\n    data: [                                             \n        {\n            id: \'id\',\n            col1: \'Hello World\'\n        }\n    ],\n    // child data\n    childData: function (parentId, object) {\n        return $.Deferred();\n    },\n    // tree mode\n    treeMode: false,\n    // Launch links in new tabs\n    launchLinksNewTab: false\n});\n\n// render the grid onto the page\ngrid.render();      \n\n// things to listen for\ngrid.on(\'editable-value-updated\', function(params) {});\ngrid.on(\'editable-new-row-value-changed\', function(newObj, colId) {});\ngrid.on(\'editable-new-row\', function(newObj) {});\ngrid.on(\'editable-row-clicked\', function(params) {});\ngrid.on(\'editable-can-delete\', function(rowId) {});        // must return a deferred\ngrid.on(\'editable-pre-render\');\ngrid.on(\'editable-post-render\');\ngrid.on(\'editable-before-tree-node-expand\', function(id) {});\ngrid.on(\'editable-after-tree-node-expand\', function(id) {});\ngrid.on(\'editable-before-tree-node-collapse\', function(id) {});\ngrid.on(\'editable-after-tree-node-collapse\', function(id) {});\n\n// things to trigger\ngrid.trigger(\'editable-delete-mode\', true/false);\n\n````\n',
17 silly publish   readmeFilename: 'README.md',
17 silly publish   gitHead: '4013081b14020499ca139859aecfd41340b96968',
17 silly publish   bugs: { url: 'https://github.com/skinnybrit51/editable-grid/issues' },
17 silly publish   homepage: 'https://github.com/skinnybrit51/editable-grid#readme',
17 silly publish   _id: 'editable-grid@2.0.0',
17 silly publish   _shasum: '56fdee18cdb095b21d15a9d216aa62eb16dcbe86',
17 silly publish   _from: '.' }
18 verbose getPublishConfig undefined
19 silly mapToRegistry name editable-grid
20 silly mapToRegistry using default registry
21 silly mapToRegistry registry https://registry.npmjs.org/
22 silly mapToRegistry uri https://registry.npmjs.org/editable-grid
23 verbose publish registryBase https://registry.npmjs.org/
24 silly publish uploading /home/mark/.npm/editable-grid/2.0.0/package.tgz
25 verbose request uri https://registry.npmjs.org/editable-grid
26 verbose request sending authorization for write operation
27 info attempt registry request try #1 at 11:36:31 AM
28 verbose request using bearer token for auth
29 verbose request id ba2013a58b62d99d
30 http request PUT https://registry.npmjs.org/editable-grid
31 http 403 https://registry.npmjs.org/editable-grid
32 verbose headers { 'content-type': 'application/json',
32 verbose headers   'cache-control': 'max-age=300',
32 verbose headers   'content-length': '95',
32 verbose headers   'accept-ranges': 'bytes',
32 verbose headers   date: 'Sat, 20 Feb 2016 16:36:32 GMT',
32 verbose headers   via: '1.1 varnish',
32 verbose headers   connection: 'keep-alive',
32 verbose headers   'x-served-by': 'cache-jfk1023-JFK',
32 verbose headers   'x-cache': 'MISS',
32 verbose headers   'x-cache-hits': '0',
32 verbose headers   'x-timer': 'S1455986191.533705,VS0,VE961' }
33 verbose request invalidating /home/mark/.npm/registry.npmjs.org/editable-grid on PUT
34 error publish Failed PUT 403
35 verbose stack Error: "You cannot publish over the previously published version 2.0.0." : editable-grid
35 verbose stack     at makeError (/home/mark/dev/env/node-v4.2.4-linux-x64/lib/node_modules/npm/node_modules/npm-registry-client/lib/request.js:264:12)
35 verbose stack     at CachingRegistryClient.<anonymous> (/home/mark/dev/env/node-v4.2.4-linux-x64/lib/node_modules/npm/node_modules/npm-registry-client/lib/request.js:252:14)
35 verbose stack     at Request._callback (/home/mark/dev/env/node-v4.2.4-linux-x64/lib/node_modules/npm/node_modules/npm-registry-client/lib/request.js:172:14)
35 verbose stack     at Request.self.callback (/home/mark/dev/env/node-v4.2.4-linux-x64/lib/node_modules/npm/node_modules/request/request.js:198:22)
35 verbose stack     at emitTwo (events.js:87:13)
35 verbose stack     at Request.emit (events.js:172:7)
35 verbose stack     at Request.<anonymous> (/home/mark/dev/env/node-v4.2.4-linux-x64/lib/node_modules/npm/node_modules/request/request.js:1082:10)
35 verbose stack     at emitOne (events.js:82:20)
35 verbose stack     at Request.emit (events.js:169:7)
35 verbose stack     at IncomingMessage.<anonymous> (/home/mark/dev/env/node-v4.2.4-linux-x64/lib/node_modules/npm/node_modules/request/request.js:1009:12)
36 verbose statusCode 403
37 verbose pkgid editable-grid
38 verbose cwd /home/mark/dev/personal/editable-grid
39 error Linux 4.2.0-27-generic
40 error argv "/home/mark/dev/env/node-v4.2.4-linux-x64/bin/node" "/usr/bin/npm" "publish" "."
41 error node v4.2.4
42 error npm  v2.14.12
43 error code E403
44 error "You cannot publish over the previously published version 2.0.0." : editable-grid
45 error If you need help, you may report this error at:
45 error     <https://github.com/npm/npm/issues>
46 verbose exit [ 1, true ]
